--------------------NEW SESSION--------------------
            2020-08-18 17:41:59.869559
                 SVSL-01-MotR-ASW1                 
---------------------------------------------------
--------------------NEW SESSION--------------------
            2020-08-18 17:49:13.461505
                 SVSL-01-MotR-ASW1                 
---------------------------------------------------
Кольцо, к которому принадлежит узел сети SVSL-01-MotR-ASW1 уже находится в списке как развернутое
(смотреть файл "/home/admin/PycharmProjects/motr/rotated_rings.yaml")
--------------------NEW SESSION--------------------
            2020-08-18 17:49:24.934747
                 SVSL-01-MotR-ASW1                 
---------------------------------------------------
Кольцо, к которому принадлежит узел сети SVSL-01-MotR-ASW1 уже находится в списке как развернутое
(смотреть файл "/home/admin/PycharmProjects/motr/rotated_rings.yaml")


--------------------NEW SESSION--------------------
            2020-08-18 17:49:57.218884
                 SVSL-01-MotR-ASW1                 
---------------------------------------------------
Кольцо, к которому принадлежит узел сети SVSL-01-MotR-ASW1 уже находится в списке как развернутое
(смотреть файл "/home/admin/PycharmProjects/motr/rotated_rings.yaml")
